Running AutomationTool...
Using bundled DotNet SDK version: 8.0.412 win-x64
Starting AutomationTool...
Parsing command line: BuildPlugin -Plugin=C:\Users\Aliso\Documents\GIT\vrm-toolchain-ue\Plugins\VrmToolchain\VrmToolchain.uplugin -Package=C:\Users\Aliso\Documents\GIT\vrm-toolchain-ue\build\Package\VrmToolchain -TargetPlatforms=Win64 -Rocket
Initializing script modules...
Total script module initialization time: 0.10 s.
Using C:\Program Files\Microsoft Visual Studio\2022\Community\MSBuild\Current\Bin\MSBuild.exe
Executing commands...
Copying 131 file(s) using max 64 thread(s)
Reading plugin from C:\Users\Aliso\Documents\GIT\vrm-toolchain-ue\build\Package\VrmToolchain\HostProject\Plugins\VrmToolchain\VrmToolchain.uplugin...
Building plugin for host platforms: Win64
Running: C:\Program Files\Epic Games\UE_5.7\Engine\Binaries\ThirdParty\DotNet\8.0.412\win-x64\dotnet.exe "C:\Program Files\Epic Games\UE_5.7\Engine\Binaries\DotNET\UnrealBuildTool\UnrealBuildTool.dll" UnrealEditor Win64 Development -Project="C:\Users\Aliso\Documents\GIT\vrm-toolchain-ue\build\Package\VrmToolchain\HostProject\HostProject.uproject" -plugin="C:\Users\Aliso\Documents\GIT\vrm-toolchain-ue\build\Package\VrmToolchain\HostProject\Plugins\VrmToolchain\VrmToolchain.uplugin" -noubtmakefiles -manifest="C:\Users\Aliso\Documents\GIT\vrm-toolchain-ue\build\Package\VrmToolchain\HostProject\Saved\Manifest-UnrealEditor-Win64-Development.xml" -nohotreload -log="C:\Users\Aliso\AppData\Roaming\Unreal Engine\AutomationTool\Logs\C+Program+Files+Epic+Games+UE_5.7\UBA-UnrealEditor-Win64-Development.txt"
Log file: C:\Users\Aliso\AppData\Roaming\Unreal Engine\AutomationTool\Logs\C+Program+Files+Epic+Games+UE_5.7\UBA-UnrealEditor-Win64-Development.txt
C:\Users\Aliso\Documents\GIT\vrm-toolchain-ue\build\Package\VrmToolchain\HostProject\Plugins\VrmToolchain\Source\VrmToolchainEditor\VrmToolchainEditor.Build.cs(46,5): error CS1022: Type or namespace definition, or end-of-file expected
C:\Users\Aliso\Documents\GIT\vrm-toolchain-ue\build\Package\VrmToolchain\HostProject\Plugins\VrmToolchain\Source\VrmToolchainEditor\VrmToolchainEditor.Build.cs(47,1): error CS1022: Type or namespace definition, or end-of-file expected
Unhandled 1 aggregate exceptions
Unhandled exception: DirectoryNotFoundException: Could not find a part of the path 'C:\Users\Aliso\Documents\GIT\vrm-toolchain-ue\build\Package\VrmToolchain\HostProject\Intermediate\Build\BuildRules\HostProjectModuleRulesManifest.json'.
   at Microsoft.Win32.SafeHandles.SafeFileHandle.CreateFile(String fullPath, FileMode mode, FileAccess access, FileShare share, FileOptions options)
   at Microsoft.Win32.SafeHandles.SafeFileHandle.Open(String fullPath, FileMode mode, FileAccess access, FileShare share, FileOptions options, Int64 preallocationSize, Nullable`1 unixCreateMode)
   at System.IO.Strategies.OSFileStreamStrategy..ctor(String path, FileMode mode, FileAccess access, FileShare share, FileOptions options, Int64 preallocationSize, Nullable`1 unixCreateMode)
   at UnrealBuildTool.DynamicCompilation.CompileAndLoadAssemblyAsync(FileReference OutputAssemblyPath, IEnumerable`1 SourceFileNames, ILogger Logger, IEnumerable`1 ReferencedAssembies, IEnumerable`1 PreprocessorDefines, Boolean DoNotCompile, Boolean ForceCompile, Boolean TreatWarningsAsErrors)

Result: Failed (OtherCompilationError)
Total execution time: 0.69 seconds
Took 0.79s to run dotnet.exe, ExitCode=6
UnrealBuildTool failed. See log for more details. (C:\Users\Aliso\AppData\Roaming\Unreal Engine\AutomationTool\Logs\C+Program+Files+Epic+Games+UE_5.7\UBA-UnrealEditor-Win64-Development.txt)
AutomationTool executed for 0h 0m 1s
AutomationTool exiting with ExitCode=6 (6)
BUILD FAILED
